#
# There is insufficient memory for the Java Runtime Environment to continue.
# Native memory allocation (mmap) failed to map 65536 bytes. Error detail: Failed to commit metaspace.
# Possible reasons:
#   The system is out of physical RAM or swap space
#   This process is running with CompressedOops enabled, and the Java Heap may be blocking the growth of the native heap
# Possible solutions:
#   Reduce memory load on the system
#   Increase physical memory or swap space
#   Check if swap backing store is full
#   Decrease Java heap size (-Xmx/-Xms)
#   Decrease number of Java threads
#   Decrease Java thread stack sizes (-Xss)
#   Set larger code cache with -XX:ReservedCodeCacheSize=
#   JVM is running with Zero Based Compressed Oops mode in which the Java heap is
#     placed in the first 32GB address space. The Java Heap base address is the
#     maximum limit for the native heap growth. Please use -XX:HeapBaseMinAddress
#     to set the Java Heap base and to place the Java Heap above 32GB virtual address.
# This output file may be truncated or incomplete.
#
#  Out of Memory Error (virtualSpaceNode.cpp:113), pid=5436, tid=31404
#
# JRE version: OpenJDK Runtime Environment (21.0.6) (build 21.0.6+-13391695-b895.109)
# Java VM: OpenJDK 64-Bit Server VM (21.0.6+-13391695-b895.109, mixed mode, tiered, compressed oops, compressed class ptrs, g1 gc, windows-amd64)
# No core dump will be written. Minidumps are not enabled by default on client versions of Windows
#

---------------  S U M M A R Y ------------

Command Line: git4idea.http.GitAskPassApp Username for 'https://github.com': 

Host: Intel(R) Core(TM) i7-9700K CPU @ 3.60GHz, 8 cores, 31G,  Windows 10 , 64 bit Build 19041 (10.0.19041.5915)
Time: Wed Aug 20 02:52:55 2025 RTZ 2 (s 10 , 64 bit Build 19041 (10.0.19041.5915) elapsed time: 0.097068 seconds (0d 0h 0m 0s)

---------------  T H R E A D  ---------------

Current thread (0x0000020564d43620):  JavaThread "main"             [_thread_in_vm, id=31404, stack(0x0000000a72100000,0x0000000a72200000) (1024K)]

Stack: [0x0000000a72100000,0x0000000a72200000]
Native frames: (J=compiled Java code, j=interpreted, Vv=VM code, C=native code)
V  [jvm.dll+0x6d0639]
V  [jvm.dll+0x85eb03]
V  [jvm.dll+0x86105e]
V  [jvm.dll+0x861743]
V  [jvm.dll+0x27e6e6]
V  [jvm.dll+0x8599de]
V  [jvm.dll+0x674055]
V  [jvm.dll+0x6740ba]
V  [jvm.dll+0x676916]
V  [jvm.dll+0x6767e2]
V  [jvm.dll+0x674a4e]
V  [jvm.dll+0x27ad76]
V  [jvm.dll+0x72701a]
V  [jvm.dll+0x727b5f]
V  [jvm.dll+0x3c4390]
V  [jvm.dll+0x3c313c]
V  [jvm.dll+0x3c30d8]
V  [jvm.dll+0x3d511a]
C  0x000002056f3ea994

The last pc belongs to new (printed below).
Java frames: (J=compiled Java code, j=interpreted, Vv=VM code)
j  jdk.internal.org.objectweb.asm.ClassWriter.<init>(Ljdk/internal/org/objectweb/asm/ClassReader;I)V+16 java.base@21.0.6
j  jdk.internal.org.objectweb.asm.ClassWriter.<init>(I)V+3 java.base@21.0.6
j  java.lang.invoke.InnerClassLambdaMetafactory.<init>(Ljava/lang/invoke/MethodHandles$Lookup;Ljava/lang/invoke/MethodType;Ljava/lang/String;Ljava/lang/invoke/MethodType;Ljava/lang/invoke/MethodHandle;Ljava/lang/invoke/MethodType;Z[Ljava/lang/Class;[Ljava/lang/invoke/MethodType;)V+146 java.base@21.0.6
j  java.lang.invoke.LambdaMetafactory.metafactory(Ljava/lang/invoke/MethodHandles$Lookup;Ljava/lang/String;Ljava/lang/invoke/MethodType;Ljava/lang/invoke/MethodType;Ljava/lang/invoke/MethodHandle;Ljava/lang/invoke/MethodType;)Ljava/lang/invoke/CallSite;+55 java.base@21.0.6
j  java.lang.invoke.DirectMethodHandle$Holder.invokeStatic(Ljava/lang/Object;Ljava/lang/Object;Ljava/lang/Object;Ljava/lang/Object;Ljava/lang/Object;Ljava/lang/Object;Ljava/lang/Object;)Ljava/lang/Object;+20 java.base@21.0.6
j  java.lang.invoke.Invokers$Holder.invokeExact_MT(Ljava/lang/Object;Ljava/lang/Object;Ljava/lang/Object;Ljava/lang/Object;Ljava/lang/Object;Ljava/lang/Object;Ljava/lang/Object;Ljava/lang/Object;)Ljava/lang/Object;+28 java.base@21.0.6
j  java.lang.invoke.BootstrapMethodInvoker.invoke(Ljava/lang/Class;Ljava/lang/invoke/MethodHandle;Ljava/lang/String;Ljava/lang/Object;Ljava/lang/Object;Ljava/lang/Class;)Ljava/lang/Object;+319 java.base@21.0.6
j  java.lang.invoke.CallSite.makeSite(Ljava/lang/invoke/MethodHandle;Ljava/lang/String;Ljava/lang/invoke/MethodType;Ljava/lang/Object;Ljava/lang/Class;)Ljava/lang/invoke/CallSite;+8 java.base@21.0.6
j  java.lang.invoke.MethodHandleNatives.linkCallSiteImpl(Ljava/lang/Class;Ljava/lang/invoke/MethodHandle;Ljava/lang/String;Ljava/lang/invoke/MethodType;Ljava/lang/Object;[Ljava/lang/Object;)Ljava/lang/invoke/MemberName;+6 java.base@21.0.6
j  java.lang.invoke.MethodHandleNatives.linkCallSite(Ljava/lang/Object;Ljava/lang/Object;Ljava/lang/Object;Ljava/lang/Object;Ljava/lang/Object;[Ljava/lang/Object;)Ljava/lang/invoke/MemberName;+45 java.base@21.0.6
v  ~StubRoutines::call_stub 0x000002056f3d100d
j  java.security.Security.<clinit>()V+9 java.base@21.0.6
v  ~StubRoutines::call_stub 0x000002056f3d100d
j  sun.security.jca.ProviderList.<init>()V+45 java.base@21.0.6
j  sun.security.jca.ProviderList$2.run()Lsun/security/jca/ProviderList;+4 java.base@21.0.6
j  sun.security.jca.ProviderList$2.run()Ljava/lang/Object;+1 java.base@21.0.6
j  java.security.AccessController.executePrivileged(Ljava/security/PrivilegedAction;Ljava/security/AccessControlContext;Ljava/lang/Class;)Ljava/lang/Object;+29 java.base@21.0.6
j  java.security.AccessController.doPrivileged(Ljava/security/PrivilegedAction;)Ljava/lang/Object;+5 java.base@21.0.6
j  sun.security.jca.ProviderList.fromSecurityProperties()Lsun/security/jca/ProviderList;+7 java.base@21.0.6
j  sun.security.jca.Providers.<clinit>()V+16 java.base@21.0.6
v  ~StubRoutines::call_stub 0x000002056f3d100d
j  sun.security.jca.GetInstance.getInstance(Ljava/lang/String;Ljava/lang/Class;Ljava/lang/String;)Lsun/security/jca/GetInstance$Instance;+0 java.base@21.0.6
j  javax.net.ssl.SSLContext.getInstance(Ljava/lang/String;)Ljavax/net/ssl/SSLContext;+12 java.base@21.0.6
j  externalApp.ExternalAppUtil.sendIdeRequest(Ljava/lang/String;ILjava/lang/String;Ljava/lang/String;)LexternalApp/ExternalAppUtil$Result;+34
j  git4idea.http.GitAskPassApp.main([Ljava/lang/String;)V+37
v  ~StubRoutines::call_stub 0x000002056f3d100d
new  187 new  [0x000002056f3ea800, 0x000002056f3eaa08]  520 bytes
[MachCode]
  0x000002056f3ea800: 4883 ec08 | c5fa 1104 | 24eb 1f48 | 83ec 10c5 | fb11 0424 | eb14 4883 | ec10 4889 | 0424 48c7 
  0x000002056f3ea820: 4424 0800 | 0000 00eb | 0150 410f | b755 010f | cac1 ea10 | 488b 4de8 | 488b 4908 | 488b 4908 
  0x000002056f3ea840: 488b 4108 | 807c 1004 | 070f 85d3 | 0000 0066 | 8b54 d148 | 488b 4928 | 488b 4cd1 | 0851 80b9 
  0x000002056f3ea860: 4101 0000 | 040f 85b6 | 0000 008b | 5108 f6c2 | 010f 85aa | 0000 0049 | 8b87 b801 | 0000 488d 
  0x000002056f3ea880: 1c10 493b | 9fc8 0100 | 000f 8792 | 0000 0049 | 899f b801 | 0000 4883 | ea10 0f84 | 0f00 0000 
  0x000002056f3ea8a0: 33c9 c1ea | 0348 894c | d008 48ff | ca75 f648 | c700 0100 | 0000 5933 | f689 700c | 49ba 0000 
  0x000002056f3ea8c0: 0000 0800 | 0000 492b | ca89 4808 | 49ba 8157 | f9cf fe7f | 0000 4180 | 3a00 0f84 | 3c00 0000 
  0x000002056f3ea8e0: 5048 8bc8 | 4883 ec20 | 40f6 c40f | 0f84 1900 | 0000 4883 | ec08 48b8 | 9077 b3cf | fe7f 0000 
  0x000002056f3ea900: ffd0 4883 | c408 e90c | 0000 0048 | b890 77b3 | cffe 7f00 | 00ff d048 | 83c4 2058 | e9cb 0000 
  0x000002056f3ea920: 0059 488b | 55e8 488b | 5208 488b | 5208 450f | b745 0141 | 0fc8 41c1 | e810 e805 | 0000 00e9 
  0x000002056f3ea940: a800 0000 | 488d 4424 | 084c 896d | c049 8bcf | c5f8 7749 | 89af a803 | 0000 4989 | 8798 0300 
  0x000002056f3ea960: 0048 83ec | 2040 f6c4 | 0f0f 8419 | 0000 0048 | 83ec 0848 | b890 507d | cffe 7f00 | 00ff d048 
  0x000002056f3ea980: 83c4 08e9 | 0c00 0000 | 48b8 9050 | 7dcf fe7f | 0000 ffd0 | 4883 c420 | 49c7 8798 | 0300 0000 
  0x000002056f3ea9a0: 0000 0049 | c787 a803 | 0000 0000 | 0000 49c7 | 87a0 0300 | 0000 0000 | 00c5 f877 | 4983 7f08 
  0x000002056f3ea9c0: 000f 8405 | 0000 00e9 | 3465 feff | 498b 87f0 | 0300 0049 | c787 f003 | 0000 0000 | 0000 4c8b 
  0x000002056f3ea9e0: 6dc0 4c8b | 75c8 4e8d | 74f5 00c3 | 410f b65d | 0349 83c5 | 0349 ba70 | 21fc cffe | 7f00 0041 
  0x000002056f3eaa00: ff24 da0f | 1f44 0000 
[/MachCode]

---------------  P R O C E S S  ---------------

Threads class SMR info:
_java_thread_list=0x000002050c2735c0, length=11, elements={
0x0000020564d43620, 0x000002050c0c4b90, 0x000002050c0a0a20, 0x000002050c0ae320,
0x000002050c0e2c50, 0x000002050c0c92f0, 0x000002050c0c9d40, 0x000002050c0eb140,
0x000002050c0ed7f0, 0x000002050c2715e0, 0x000002050c27b870
}

Java Threads: ( => current thread )
=>0x0000020564d43620 JavaThread "main"                              [_thread_in_vm, id=31404, stack(0x0000000a72100000,0x0000000a72200000) (1024K)]
  0x000002050c0c4b90 JavaThread "Reference Handler"          daemon [_thread_blocked, id=17288, stack(0x0000000a72900000,0x0000000a72a00000) (1024K)]
  0x000002050c0a0a20 JavaThread "Finalizer"                  daemon [_thread_blocked, id=7384, stack(0x0000000a72a00000,0x0000000a72b00000) (1024K)]
  0x000002050c0ae320 JavaThread "Signal Dispatcher"          daemon [_thread_blocked, id=29184, stack(0x0000000a72b00000,0x0000000a72c00000) (1024K)]
  0x000002050c0e2c50 JavaThread "Attach Listener"            daemon [_thread_blocked, id=32468, stack(0x0000000a72c00000,0x0000000a72d00000) (1024K)]
  0x000002050c0c92f0 JavaThread "Service Thread"             daemon [_thread_blocked, id=20920, stack(0x0000000a72d00000,0x0000000a72e00000) (1024K)]
  0x000002050c0c9d40 JavaThread "Monitor Deflation Thread"   daemon [_thread_blocked, id=17220, stack(0x0000000a72e00000,0x0000000a72f00000) (1024K)]
  0x000002050c0eb140 JavaThread "C2 CompilerThread0"         daemon [_thread_blocked, id=25772, stack(0x0000000a72f00000,0x0000000a73000000) (1024K)]
  0x000002050c0ed7f0 JavaThread "C1 CompilerThread0"         daemon [_thread_blocked, id=33112, stack(0x0000000a73000000,0x0000000a73100000) (1024K)]
  0x000002050c2715e0 JavaThread "Notification Thread"        daemon [_thread_blocked, id=30544, stack(0x0000000a73100000,0x0000000a73200000) (1024K)]
  0x000002050c27b870 JavaThread "Common-Cleaner"             daemon [_thread_blocked, id=23280, stack(0x0000000a73200000,0x0000000a73300000) (1024K)]
Total: 11

Other Threads:
  0x000002050c059280 VMThread "VM Thread"                           [id=18320, stack(0x0000000a72800000,0x0000000a72900000) (1024K)]
  0x000002057b8f3160 WatcherThread "VM Periodic Task Thread"        [id=12456, stack(0x0000000a72700000,0x0000000a72800000) (1024K)]
  0x0000020564de2b10 WorkerThread "GC Thread#0"                     [id=34624, stack(0x0000000a72200000,0x0000000a72300000) (1024K)]
  0x0000020564df3be0 ConcurrentGCThread "G1 Main Marker"            [id=30208, stack(0x0000000a72300000,0x0000000a72400000) (1024K)]
  0x0000020564df4e80 WorkerThread "G1 Conc#0"                       [id=16608, stack(0x0000000a72400000,0x0000000a72500000) (1024K)]
  0x000002057b7b4290 ConcurrentGCThread "G1 Refine#0"               [id=20932, stack(0x0000000a72500000,0x0000000a72600000) (1024K)]
  0x000002057b7b7210 ConcurrentGCThread "G1 Service"                [id=32544, stack(0x0000000a72600000,0x0000000a72700000) (1024K)]
Total: 7

Threads with active compile tasks:
Total: 0

VM state: not at safepoint (normal execution)

VM Mutex/Monitor currently owned by a thread:  ([mutex/lock_event])
[0x00007ffecffac1a0] Metaspace_lock - owner thread: 0x0000020564d43620

Heap address: 0x0000000601000000, size: 8176 MB, Compressed Oops mode: Zero based, Oop shift amount: 3

CDS archive(s) not mapped
Compressed class space mapped at: 0x0000000800000000-0x0000000840000000, reserved size: 1073741824
Narrow klass base: 0x0000000800000000, Narrow klass shift: 0, Narrow klass range: 0x40000000

GC Precious Log:
 CardTable entry size: 512
 Card Set container configuration: InlinePtr #cards 4 size 8 Array Of Cards #cards 32 size 80 Howl #buckets 8 coarsen threshold 7372 Howl Bitmap #cards 1024 size 144 coarsen threshold 921 Card regions per heap region 1 cards per card region 8192
 CPUs: 8 total, 8 available
 Memory: 32702M
 Large Page Support: Disabled
 NUMA Support: Disabled
 Compressed Oops: Enabled (Zero based)
 Heap Region Size: 4M
 Heap Min Capacity: 8M
 Heap Initial Capacity: 512M
 Heap Max Capacity: 8176M
 Pre-touch: Disabled
 Parallel Workers: 8
 Concurrent Workers: 2
 Concurrent Refinement Workers: 8
 Periodic GC: Disabled

Heap:
 garbage-first heap   total 524288K, used 0K [0x0000000601000000, 0x0000000800000000)
  region size 4096K, 1 young (4096K), 0 survivors (0K)
 Metaspace       used 6039K, committed 6144K, reserved 1114112K
  class space    used 523K, committed 576K, reserved 1048576K

Heap Regions: E=young(eden), S=young(survivor), O=old, HS=humongous(starts), HC=humongous(continues), CS=collection set, F=free, TAMS=top-at-mark-start, PB=parsable bottom
|   0|0x0000000601000000, 0x0000000601000000, 0x0000000601400000|  0%| F|  |TAMS 0x0000000601000000| PB 0x0000000601000000| Untracked 
|   1|0x0000000601400000, 0x0000000601400000, 0x0000000601800000|  0%| F|  |TAMS 0x0000000601400000| PB 0x0000000601400000| Untracked 
|   2|0x0000000601800000, 0x0000000601800000, 0x0000000601c00000|  0%| F|  |TAMS 0x0000000601800000| PB 0x0000000601800000| Untracked 
|   3|0x0000000601c00000, 0x0000000601c00000, 0x0000000602000000|  0%| F|  |TAMS 0x0000000601c00000| PB 0x0000000601c00000| Untracked 
|   4|0x0000000602000000, 0x0000000602000000, 0x0000000602400000|  0%| F|  |TAMS 0x0000000602000000| PB 0x0000000602000000| Untracked 
|   5|0x0000000602400000, 0x0000000602400000, 0x0000000602800000|  0%| F|  |TAMS 0x0000000602400000| PB 0x0000000602400000| Untracked 
|   6|0x0000000602800000, 0x0000000602800000, 0x0000000602c00000|  0%| F|  |TAMS 0x0000000602800000| PB 0x0000000602800000| Untracked 
|   7|0x0000000602c00000, 0x0000000602c00000, 0x0000000603000000|  0%| F|  |TAMS 0x0000000602c00000| PB 0x0000000602c00000| Untracked 
|   8|0x0000000603000000, 0x0000000603000000, 0x0000000603400000|  0%| F|  |TAMS 0x0000000603000000| PB 0x0000000603000000| Untracked 
|   9|0x0000000603400000, 0x0000000603400000, 0x0000000603800000|  0%| F|  |TAMS 0x0000000603400000| PB 0x0000000603400000| Untracked 
|  10|0x0000000603800000, 0x0000000603800000, 0x0000000603c00000|  0%| F|  |TAMS 0x0000000603800000| PB 0x0000000603800000| Untracked 
|  11|0x0000000603c00000, 0x0000000603c00000, 0x0000000604000000|  0%| F|  |TAMS 0x0000000603c00000| PB 0x0000000603c00000| Untracked 
|  12|0x0000000604000000, 0x0000000604000000, 0x0000000604400000|  0%| F|  |TAMS 0x0000000604000000| PB 0x0000000604000000| Untracked 
|  13|0x0000000604400000, 0x0000000604400000, 0x0000000604800000|  0%| F|  |TAMS 0x0000000604400000| PB 0x0000000604400000| Untracked 
|  14|0x0000000604800000, 0x0000000604800000, 0x0000000604c00000|  0%| F|  |TAMS 0x0000000604800000| PB 0x0000000604800000| Untracked 
|  15|0x0000000604c00000, 0x0000000604c00000, 0x0000000605000000|  0%| F|  |TAMS 0x0000000604c00000| PB 0x0000000604c00000| Untracked 
|  16|0x0000000605000000, 0x0000000605000000, 0x0000000605400000|  0%| F|  |TAMS 0x0000000605000000| PB 0x0000000605000000| Untracked 
|  17|0x0000000605400000, 0x0000000605400000, 0x0000000605800000|  0%| F|  |TAMS 0x0000000605400000| PB 0x0000000605400000| Untracked 
|  18|0x0000000605800000, 0x0000000605800000, 0x0000000605c00000|  0%| F|  |TAMS 0x0000000605800000| PB 0x0000000605800000| Untracked 
|  19|0x0000000605c00000, 0x0000000605c00000, 0x0000000606000000|  0%| F|  |TAMS 0x0000000605c00000| PB 0x0000000605c00000| Untracked 
|  20|0x0000000606000000, 0x0000000606000000, 0x0000000606400000|  0%| F|  |TAMS 0x0000000606000000| PB 0x0000000606000000| Untracked 
|  21|0x0000000606400000, 0x0000000606400000, 0x0000000606800000|  0%| F|  |TAMS 0x0000000606400000| PB 0x0000000606400000| Untracked 
|  22|0x0000000606800000, 0x0000000606800000, 0x0000000606c00000|  0%| F|  |TAMS 0x0000000606800000| PB 0x0000000606800000| Untracked 
|  23|0x0000000606c00000, 0x0000000606c00000, 0x0000000607000000|  0%| F|  |TAMS 0x0000000606c00000| PB 0x0000000606c00000| Untracked 
|  24|0x0000000607000000, 0x0000000607000000, 0x0000000607400000|  0%| F|  |TAMS 0x0000000607000000| PB 0x0000000607000000| Untracked 
|  25|0x0000000607400000, 0x0000000607400000, 0x0000000607800000|  0%| F|  |TAMS 0x0000000607400000| PB 0x0000000607400000| Untracked 
|  26|0x0000000607800000, 0x0000000607800000, 0x0000000607c00000|  0%| F|  |TAMS 0x0000000607800000| PB 0x0000000607800000| Untracked 
|  27|0x0000000607c00000, 0x0000000607c00000, 0x0000000608000000|  0%| F|  |TAMS 0x0000000607c00000| PB 0x0000000607c00000| Untracked 
|  28|0x0000000608000000, 0x0000000608000000, 0x0000000608400000|  0%| F|  |TAMS 0x0000000608000000| PB 0x0000000608000000| Untracked 
|  29|0x0000000608400000, 0x0000000608400000, 0x0000000608800000|  0%| F|  |TAMS 0x0000000608400000| PB 0x0000000608400000| Untracked 
|  30|0x0000000608800000, 0x0000000608800000, 0x0000000608c00000|  0%| F|  |TAMS 0x0000000608800000| PB 0x0000000608800000| Untracked 
|  31|0x0000000608c00000, 0x0000000608c00000, 0x0000000609000000|  0%| F|  |TAMS 0x0000000608c00000| PB 0x0000000608c00000| Untracked 
|  32|0x0000000609000000, 0x0000000609000000, 0x0000000609400000|  0%| F|  |TAMS 0x0000000609000000| PB 0x0000000609000000| Untracked 
|  33|0x0000000609400000, 0x0000000609400000, 0x0000000609800000|  0%| F|  |TAMS 0x0000000609400000| PB 0x0000000609400000| Untracked 
|  34|0x0000000609800000, 0x0000000609800000, 0x0000000609c00000|  0%| F|  |TAMS 0x0000000609800000| PB 0x0000000609800000| Untracked 
|  35|0x0000000609c00000, 0x0000000609c00000, 0x000000060a000000|  0%| F|  |TAMS 0x0000000609c00000| PB 0x0000000609c00000| Untracked 
|  36|0x000000060a000000, 0x000000060a000000, 0x000000060a400000|  0%| F|  |TAMS 0x000000060a000000| PB 0x000000060a000000| Untracked 
|  37|0x000000060a400000, 0x000000060a400000, 0x000000060a800000|  0%| F|  |TAMS 0x000000060a400000| PB 0x000000060a400000| Untracked 
|  38|0x000000060a800000, 0x000000060a800000, 0x000000060ac00000|  0%| F|  |TAMS 0x000000060a800000| PB 0x000000060a800000| Untracked 
|  39|0x000000060ac00000, 0x000000060ac00000, 0x000000060b000000|  0%| F|  |TAMS 0x000000060ac00000| PB 0x000000060ac00000| Untracked 
|  40|0x000000060b000000, 0x000000060b000000, 0x000000060b400000|  0%| F|  |TAMS 0x000000060b000000| PB 0x000000060b000000| Untracked 
|  41|0x000000060b400000, 0x000000060b400000, 0x000000060b800000|  0%| F|  |TAMS 0x000000060b400000| PB 0x000000060b400000| Untracked 
|  42|0x000000060b800000, 0x000000060b800000, 0x000000060bc00000|  0%| F|  |TAMS 0x000000060b800000| PB 0x000000060b800000| Untracked 
|  43|0x000000060bc00000, 0x000000060bc00000, 0x000000060c000000|  0%| F|  |TAMS 0x000000060bc00000| PB 0x000000060bc00000| Untracked 
|  44|0x000000060c000000, 0x000000060c000000, 0x000000060c400000|  0%| F|  |TAMS 0x000000060c000000| PB 0x000000060c000000| Untracked 
|  45|0x000000060c400000, 0x000000060c400000, 0x000000060c800000|  0%| F|  |TAMS 0x000000060c400000| PB 0x000000060c400000| Untracked 
|  46|0x000000060c800000, 0x000000060c800000, 0x000000060cc00000|  0%| F|  |TAMS 0x000000060c800000| PB 0x000000060c800000| Untracked 
|  47|0x000000060cc00000, 0x000000060cc00000, 0x000000060d000000|  0%| F|  |TAMS 0x000000060cc00000| PB 0x000000060cc00000| Untracked 
|  48|0x000000060d000000, 0x000000060d000000, 0x000000060d400000|  0%| F|  |TAMS 0x000000060d000000| PB 0x000000060d000000| Untracked 
|  49|0x000000060d400000, 0x000000060d400000, 0x000000060d800000|  0%| F|  |TAMS 0x000000060d400000| PB 0x000000060d400000| Untracked 
|  50|0x000000060d800000, 0x000000060d800000, 0x000000060dc00000|  0%| F|  |TAMS 0x000000060d800000| PB 0x000000060d800000| Untracked 
|  51|0x000000060dc00000, 0x000000060dc00000, 0x000000060e000000|  0%| F|  |TAMS 0x000000060dc00000| PB 0x000000060dc00000| Untracked 
|  52|0x000000060e000000, 0x000000060e000000, 0x000000060e400000|  0%| F|  |TAMS 0x000000060e000000| PB 0x000000060e000000| Untracked 
|  53|0x000000060e400000, 0x000000060e400000, 0x000000060e800000|  0%| F|  |TAMS 0x000000060e400000| PB 0x000000060e400000| Untracked 
|  54|0x000000060e800000, 0x000000060e800000, 0x000000060ec00000|  0%| F|  |TAMS 0x000000060e800000| PB 0x000000060e800000| Untracked 
|  55|0x000000060ec00000, 0x000000060ec00000, 0x000000060f000000|  0%| F|  |TAMS 0x000000060ec00000| PB 0x000000060ec00000| Untracked 
|  56|0x000000060f000000, 0x000000060f000000, 0x000000060f400000|  0%| F|  |TAMS 0x000000060f000000| PB 0x000000060f000000| Untracked 
|  57|0x000000060f400000, 0x000000060f400000, 0x000000060f800000|  0%| F|  |TAMS 0x000000060f400000| PB 0x000000060f400000| Untracked 
|  58|0x000000060f800000, 0x000000060f800000, 0x000000060fc00000|  0%| F|  |TAMS 0x000000060f800000| PB 0x000000060f800000| Untracked 
|  59|0x000000060fc00000, 0x000000060fc00000, 0x0000000610000000|  0%| F|  |TAMS 0x000000060fc00000| PB 0x000000060fc00000| Untracked 
|  60|0x0000000610000000, 0x0000000610000000, 0x0000000610400000|  0%| F|  |TAMS 0x0000000610000000| PB 0x0000000610000000| Untracked 
|  61|0x0000000610400000, 0x0000000610400000, 0x0000000610800000|  0%| F|  |TAMS 0x0000000610400000| PB 0x0000000610400000| Untracked 
|  62|0x0000000610800000, 0x0000000610800000, 0x0000000610c00000|  0%| F|  |TAMS 0x0000000610800000| PB 0x0000000610800000| Untracked 
|  63|0x0000000610c00000, 0x0000000610c00000, 0x0000000611000000|  0%| F|  |TAMS 0x0000000610c00000| PB 0x0000000610c00000| Untracked 
|  64|0x0000000611000000, 0x0000000611000000, 0x0000000611400000|  0%| F|  |TAMS 0x0000000611000000| PB 0x0000000611000000| Untracked 
|  65|0x0000000611400000, 0x0000000611400000, 0x0000000611800000|  0%| F|  |TAMS 0x0000000611400000| PB 0x0000000611400000| Untracked 
|  66|0x0000000611800000, 0x0000000611800000, 0x0000000611c00000|  0%| F|  |TAMS 0x0000000611800000| PB 0x0000000611800000| Untracked 
|  67|0x0000000611c00000, 0x0000000611c00000, 0x0000000612000000|  0%| F|  |TAMS 0x0000000611c00000| PB 0x0000000611c00000| Untracked 
|  68|0x0000000612000000, 0x0000000612000000, 0x0000000612400000|  0%| F|  |TAMS 0x0000000612000000| PB 0x0000000612000000| Untracked 
|  69|0x0000000612400000, 0x0000000612400000, 0x0000000612800000|  0%| F|  |TAMS 0x0000000612400000| PB 0x0000000612400000| Untracked 
|  70|0x0000000612800000, 0x0000000612800000, 0x0000000612c00000|  0%| F|  |TAMS 0x0000000612800000| PB 0x0000000612800000| Untracked 
|  71|0x0000000612c00000, 0x0000000612c00000, 0x0000000613000000|  0%| F|  |TAMS 0x0000000612c00000| PB 0x0000000612c00000| Untracked 
|  72|0x0000000613000000, 0x0000000613000000, 0x0000000613400000|  0%| F|  |TAMS 0x0000000613000000| PB 0x0000000613000000| Untracked 
|  73|0x0000000613400000, 0x0000000613400000, 0x0000000613800000|  0%| F|  |TAMS 0x0000000613400000| PB 0x0000000613400000| Untracked 
|  74|0x0000000613800000, 0x0000000613800000, 0x0000000613c00000|  0%| F|  |TAMS 0x0000000613800000| PB 0x0000000613800000| Untracked 
|  75|0x0000000613c00000, 0x0000000613c00000, 0x0000000614000000|  0%| F|  |TAMS 0x0000000613c00000| PB 0x0000000613c00000| Untracked 
|  76|0x0000000614000000, 0x0000000614000000, 0x0000000614400000|  0%| F|  |TAMS 0x0000000614000000| PB 0x0000000614000000| Untracked 
|  77|0x0000000614400000, 0x0000000614400000, 0x0000000614800000|  0%| F|  |TAMS 0x0000000614400000| PB 0x0000000614400000| Untracked 
|  78|0x0000000614800000, 0x0000000614800000, 0x0000000614c00000|  0%| F|  |TAMS 0x0000000614800000| PB 0x0000000614800000| Untracked 
|  79|0x0000000614c00000, 0x0000000614c00000, 0x0000000615000000|  0%| F|  |TAMS 0x0000000614c00000| PB 0x0000000614c00000| Untracked 
|  80|0x0000000615000000, 0x0000000615000000, 0x0000000615400000|  0%| F|  |TAMS 0x0000000615000000| PB 0x0000000615000000| Untracked 
|  81|0x0000000615400000, 0x0000000615400000, 0x0000000615800000|  0%| F|  |TAMS 0x0000000615400000| PB 0x0000000615400000| Untracked 
|  82|0x0000000615800000, 0x0000000615800000, 0x0000000615c00000|  0%| F|  |TAMS 0x0000000615800000| PB 0x0000000615800000| Untracked 
|  83|0x0000000615c00000, 0x0000000615c00000, 0x0000000616000000|  0%| F|  |TAMS 0x0000000615c00000| PB 0x0000000615c00000| Untracked 
|  84|0x0000000616000000, 0x0000000616000000, 0x0000000616400000|  0%| F|  |TAMS 0x0000000616000000| PB 0x0000000616000000| Untracked 
|  85|0x0000000616400000, 0x0000000616400000, 0x0000000616800000|  0%| F|  |TAMS 0x0000000616400000| PB 0x0000000616400000| Untracked 
|  86|0x0000000616800000, 0x0000000616800000, 0x0000000616c00000|  0%| F|  |TAMS 0x0000000616800000| PB 0x0000000616800000| Untracked 
|  87|0x0000000616c00000, 0x0000000616c00000, 0x0000000617000000|  0%| F|  |TAMS 0x0000000616c00000| PB 0x0000000616c00000| Untracked 
|  88|0x0000000617000000, 0x0000000617000000, 0x0000000617400000|  0%| F|  |TAMS 0x0000000617000000| PB 0x0000000617000000| Untracked 
|  89|0x0000000617400000, 0x0000000617400000, 0x0000000617800000|  0%| F|  |TAMS 0x0000000617400000| PB 0x0000000617400000| Untracked 
|  90|0x0000000617800000, 0x0000000617800000, 0x0000000617c00000|  0%| F|  |TAMS 0x0000000617800000| PB 0x0000000617800000| Untracked 
|  91|0x0000000617c00000, 0x0000000617c00000, 0x0000000618000000|  0%| F|  |TAMS 0x0000000617c00000| PB 0x0000000617c00000| Untracked 
|  92|0x0000000618000000, 0x0000000618000000, 0x0000000618400000|  0%| F|  |TAMS 0x0000000618000000| PB 0x0000000618000000| Untracked 
|  93|0x0000000618400000, 0x0000000618400000, 0x0000000618800000|  0%| F|  |TAMS 0x0000000618400000| PB 0x0000000618400000| Untracked 
|  94|0x0000000618800000, 0x0000000618800000, 0x0000000618c00000|  0%| F|  |TAMS 0x0000000618800000| PB 0x0000000618800000| Untracked 
|  95|0x0000000618c00000, 0x0000000618c00000, 0x0000000619000000|  0%| F|  |TAMS 0x0000000618c00000| PB 0x0000000618c00000| Untracked 
|  96|0x0000000619000000, 0x0000000619000000, 0x0000000619400000|  0%| F|  |TAMS 0x0000000619000000| PB 0x0000000619000000| Untracked 
|  97|0x0000000619400000, 0x0000000619400000, 0x0000000619800000|  0%| F|  |TAMS 0x0000000619400000| PB 0x0000000619400000| Untracked 
|  98|0x0000000619800000, 0x0000000619800000, 0x0000000619c00000|  0%| F|  |TAMS 0x0000000619800000| PB 0x0000000619800000| Untracked 
|  99|0x0000000619c00000, 0x0000000619c00000, 0x000000061a000000|  0%| F|  |TAMS 0x0000000619c00000| PB 0x0000000619c00000| Untracked 
| 100|0x000000061a000000, 0x000000061a000000, 0x000000061a400000|  0%| F|  |TAMS 0x000000061a000000| PB 0x000000061a000000| Untracked 
| 101|0x000000061a400000, 0x000000061a400000, 0x000000061a800000|  0%| F|  |TAMS 0x000000061a400000| PB 0x000000061a400000| Untracked 
| 102|0x000000061a800000, 0x000000061a800000, 0x000000061ac00000|  0%| F|  |TAMS 0x000000061a800000| PB 0x000000061a800000| Untracked 
| 103|0x000000061ac00000, 0x000000061ac00000, 0x000000061b000000|  0%| F|  |TAMS 0x000000061ac00000| PB 0x000000061ac00000| Untracked 
| 104|0x000000061b000000, 0x000000061b000000, 0x000000061b400000|  0%| F|  |TAMS 0x000000061b000000| PB 0x000000061b000000| Untracked 
| 105|0x000000061b400000, 0x000000061b400000, 0x000000061b800000|  0%| F|  |TAMS 0x000000061b400000| PB 0x000000061b400000| Untracked 
| 106|0x000000061b800000, 0x000000061b800000, 0x000000061bc00000|  0%| F|  |TAMS 0x000000061b800000| PB 0x000000061b800000| Untracked 
| 107|0x000000061bc00000, 0x000000061bc00000, 0x000000061c000000|  0%| F|  |TAMS 0x000000061bc00000| PB 0x000000061bc00000| Untracked 
| 108|0x000000061c000000, 0x000000061c000000, 0x000000061c400000|  0%| F|  |TAMS 0x000000061c000000| PB 0x000000061c000000| Untracked 
| 109|0x000000061c400000, 0x000000061c400000, 0x000000061c800000|  0%| F|  |TAMS 0x000000061c400000| PB 0x000000061c400000| Untracked 
| 110|0x000000061c800000, 0x000000061c800000, 0x000000061cc00000|  0%| F|  |TAMS 0x000000061c800000| PB 0x000000061c800000| Untracked 
| 111|0x000000061cc00000, 0x000000061cc00000, 0x000000061d000000|  0%| F|  |TAMS 0x000000061cc00000| PB 0x000000061cc00000| Untracked 
| 112|0x000000061d000000, 0x000000061d000000, 0x000000061d400000|  0%| F|  |TAMS 0x000000061d000000| PB 0x000000061d000000| Untracked 
| 113|0x000000061d400000, 0x000000061d400000, 0x000000061d800000|  0%| F|  |TAMS 0x000000061d400000| PB 0x000000061d400000| Untracked 
| 114|0x000000061d800000, 0x000000061d800000, 0x000000061dc00000|  0%| F|  |TAMS 0x000000061d800000| PB 0x000000061d800000| Untracked 
| 115|0x000000061dc00000, 0x000000061dc00000, 0x000000061e000000|  0%| F|  |TAMS 0x000000061dc00000| PB 0x000000061dc00000| Untracked 
| 116|0x000000061e000000, 0x000000061e000000, 0x000000061e400000|  0%| F|  |TAMS 0x000000061e000000| PB 0x000000061e000000| Untracked 
| 117|0x000000061e400000, 0x000000061e400000, 0x000000061e800000|  0%| F|  |TAMS 0x000000061e400000| PB 0x000000061e400000| Untracked 
| 118|0x000000061e800000, 0x000000061e800000, 0x000000061ec00000|  0%| F|  |TAMS 0x000000061e800000| PB 0x000000061e800000| Untracked 
| 119|0x000000061ec00000, 0x000000061ec00000, 0x000000061f000000|  0%| F|  |TAMS 0x000000061ec00000| PB 0x000000061ec00000| Untracked 
| 120|0x000000061f000000, 0x000000061f000000, 0x000000061f400000|  0%| F|  |TAMS 0x000000061f000000| PB 0x000000061f000000| Untracked 
| 121|0x000000061f400000, 0x000000061f400000, 0x000000061f800000|  0%| F|  |TAMS 0x000000061f400000| PB 0x000000061f400000| Untracked 
| 122|0x000000061f800000, 0x000000061f800000, 0x000000061fc00000|  0%| F|  |TAMS 0x000000061f800000| PB 0x000000061f800000| Untracked 
| 123|0x000000061fc00000, 0x000000061fc00000, 0x0000000620000000|  0%| F|  |TAMS 0x000000061fc00000| PB 0x000000061fc00000| Untracked 
| 124|0x0000000620000000, 0x0000000620000000, 0x0000000620400000|  0%| F|  |TAMS 0x0000000620000000| PB 0x0000000620000000| Untracked 
| 125|0x0000000620400000, 0x0000000620400000, 0x0000000620800000|  0%| F|  |TAMS 0x0000000620400000| PB 0x0000000620400000| Untracked 
| 126|0x0000000620800000, 0x0000000620800000, 0x0000000620c00000|  0%| F|  |TAMS 0x0000000620800000| PB 0x0000000620800000| Untracked 
| 127|0x0000000620c00000, 0x0000000620ee16c0, 0x0000000621000000| 72%| E|  |TAMS 0x0000000620c00000| PB 0x0000000620c00000| Complete 

Card table byte_map: [0x00000205781e0000,0x00000205791e0000] _byte_map_base: 0x00000205751d8000

Marking Bits: (CMBitMap*) 0x0000020564de3210
 Bits: [0x0000020500000000, 0x0000020507fc0000)

Polling page: 0x0000020564510000

Metaspace:

Usage:
  Non-class:      5.39 MB used.
      Class:    523.20 KB used.
       Both:      5.90 MB used.

Virtual space:
  Non-class space:       64.00 MB reserved,       5.44 MB (  8%) committed,  1 nodes.
      Class space:        1.00 GB reserved,     576.00 KB ( <1%) committed,  1 nodes.
             Both:        1.06 GB reserved,       6.00 MB ( <1%) committed. 

Chunk freelists:
   Non-Class:  10.48 MB
       Class:  15.25 MB
        Both:  25.73 MB

MaxMetaspaceSize: unlimited
CompressedClassSpaceSize: 1.00 GB
Initial GC threshold: 21.00 MB
Current GC threshold: 21.00 MB
CDS: off
 - commit_granule_bytes: 65536.
 - commit_granule_words: 8192.
 - virtual_space_node_default_size: 8388608.
 - enlarge_chunks_in_place: 1.
 - use_allocation_guard: 0.


Internal statistics:

num_allocs_failed_limit: 0.
num_arena_births: 4.
num_arena_deaths: 0.
num_vsnodes_births: 2.
num_vsnodes_deaths: 0.
num_space_committed: 96.
num_space_uncommitted: 0.
num_chunks_returned_to_freelist: 0.
num_chunks_taken_from_freelist: 16.
num_chunk_merges: 0.
num_chunk_splits: 6.
num_chunks_enlarged: 2.
num_inconsistent_stats: 0.

CodeHeap 'non-profiled nmethods': size=120000Kb used=22Kb max_used=22Kb free=119977Kb
 bounds [0x000002056f970000, 0x000002056fbe0000, 0x0000020576ea0000]
CodeHeap 'profiled nmethods': size=120000Kb used=126Kb max_used=126Kb free=119873Kb
 bounds [0x0000020567ea0000, 0x0000020568110000, 0x000002056f3d0000]
CodeHeap 'non-nmethods': size=5760Kb used=1243Kb max_used=1243Kb free=4516Kb
 bounds [0x000002056f3d0000, 0x000002056f640000, 0x000002056f970000]
 total_blobs=480 nmethods=96 adapters=289
 compilation: enabled
              stopped_count=0, restarted_count=0
 full_count=0

Compilation events (20 events):
Event: 0.085 Thread 0x000002050c0ed7f0   83       3       java.lang.CharacterDataLatin1::toUpperCase (67 bytes)
Event: 0.085 Thread 0x000002050c0ed7f0 nmethod 83 0x0000020567ebb390 code [0x0000020567ebb560, 0x0000020567ebb888]
Event: 0.085 Thread 0x000002050c0ed7f0   84       3       java.util.TreeMap::parentOf (13 bytes)
Event: 0.085 Thread 0x000002050c0ed7f0 nmethod 84 0x0000020567ebb910 code [0x0000020567ebbac0, 0x0000020567ebbc30]
Event: 0.085 Thread 0x000002050c0ed7f0   81       3       java.lang.Character::toUpperCase (6 bytes)
Event: 0.085 Thread 0x000002050c0ed7f0 nmethod 81 0x0000020567ebbd10 code [0x0000020567ebbee0, 0x0000020567ebc138]
Event: 0.085 Thread 0x000002050c0ed7f0   85       1       java.util.HashMap$Node::getKey (5 bytes)
Event: 0.085 Thread 0x000002050c0ed7f0 nmethod 85 0x000002056f974210 code [0x000002056f9743a0, 0x000002056f974470]
Event: 0.085 Thread 0x000002050c0ed7f0   86       1       java.util.HashMap$Node::getValue (5 bytes)
Event: 0.085 Thread 0x000002050c0ed7f0 nmethod 86 0x000002056f974510 code [0x000002056f9746a0, 0x000002056f974770]
Event: 0.085 Thread 0x000002050c0ed7f0   87       3       java.lang.String::substring (58 bytes)
Event: 0.085 Thread 0x000002050c0ed7f0 nmethod 87 0x0000020567ebc210 code [0x0000020567ebc440, 0x0000020567ebca18]
Event: 0.088 Thread 0x000002050c0ed7f0   88       3       java.lang.CharacterDataLatin1::toLowerCase (44 bytes)
Event: 0.089 Thread 0x000002050c0ed7f0 nmethod 88 0x0000020567ebcc90 code [0x0000020567ebce40, 0x0000020567ebd0a8]
Event: 0.089 Thread 0x000002050c0ed7f0   89       3       java.util.HashMap::putVal (300 bytes)
Event: 0.089 Thread 0x000002050c0ed7f0 nmethod 89 0x0000020567ebd110 code [0x0000020567ebd3c0, 0x0000020567ebe570]
Event: 0.094 Thread 0x000002050c0ed7f0   95       1       java.lang.Enum::ordinal (5 bytes)
Event: 0.094 Thread 0x000002050c0ed7f0 nmethod 95 0x000002056f975810 code [0x000002056f9759a0, 0x000002056f975a68]
Event: 0.095 Thread 0x000002050c0ed7f0   96       3       java.util.concurrent.ConcurrentHashMap::get (162 bytes)
Event: 0.095 Thread 0x000002050c0ed7f0 nmethod 96 0x0000020567ebea90 code [0x0000020567ebed00, 0x0000020567ebf760]

GC Heap History (0 events):
No events

Dll operation events (2 events):
Event: 0.006 Loaded shared library C:\Program Files\Android\Android Studio\jbr\bin\java.dll
Event: 0.011 Loaded shared library C:\Program Files\Android\Android Studio\jbr\bin\zip.dll

Deoptimization events (0 events):
No events

Classes loaded (20 events):
Event: 0.095 Loading class jdk/internal/org/objectweb/asm/Type
Event: 0.095 Loading class jdk/internal/org/objectweb/asm/Type done
Event: 0.095 Loading class sun/security/action/GetBooleanAction
Event: 0.095 Loading class sun/security/action/GetBooleanAction done
Event: 0.095 Loading class jdk/internal/org/objectweb/asm/Handle
Event: 0.095 Loading class jdk/internal/org/objectweb/asm/Handle done
Event: 0.095 Loading class sun/invoke/util/BytecodeDescriptor
Event: 0.095 Loading class sun/invoke/util/BytecodeDescriptor done
Event: 0.095 Loading class jdk/internal/org/objectweb/asm/ConstantDynamic
Event: 0.095 Loading class jdk/internal/org/objectweb/asm/ConstantDynamic done
Event: 0.095 Loading class java/lang/invoke/InfoFromMemberName
Event: 0.095 Loading class java/lang/invoke/MethodHandleInfo
Event: 0.095 Loading class java/lang/invoke/MethodHandleInfo done
Event: 0.095 Loading class java/lang/invoke/InfoFromMemberName done
Event: 0.096 Loading class jdk/internal/org/objectweb/asm/ClassWriter
Event: 0.096 Loading class jdk/internal/org/objectweb/asm/ClassVisitor
Event: 0.096 Loading class jdk/internal/org/objectweb/asm/ClassVisitor done
Event: 0.096 Loading class jdk/internal/org/objectweb/asm/ClassWriter done
Event: 0.096 Loading class jdk/internal/org/objectweb/asm/SymbolTable
Event: 0.096 Loading class jdk/internal/org/objectweb/asm/SymbolTable done

Classes unloaded (0 events):
No events

Classes redefined (0 events):
No events

Internal exceptions (0 events):
No events

ZGC Phase Switch (0 events):
No events

VM Operations (4 events):
Event: 0.083 Executing VM operation: HandshakeAllThreads (Deoptimize)
Event: 0.083 Executing VM operation: HandshakeAllThreads (Deoptimize) done
Event: 0.090 Executing VM operation: HandshakeAllThreads (Deoptimize)
Event: 0.090 Executing VM operation: HandshakeAllThreads (Deoptimize) done

Memory protections (0 events):
No events

Nmethod flushes (0 events):
No events

Events (14 events):
Event: 0.010 Thread 0x0000020564d43620 Thread added: 0x0000020564d43620
Event: 0.044 Thread 0x0000020564d43620 Thread added: 0x000002050c0c4b90
Event: 0.044 Thread 0x0000020564d43620 Thread added: 0x000002050c0a0a20
Event: 0.045 Thread 0x0000020564d43620 Thread added: 0x000002050c0ae320
Event: 0.045 Thread 0x0000020564d43620 Thread added: 0x000002050c0e2c50
Event: 0.045 Thread 0x0000020564d43620 Thread added: 0x000002050c0c92f0
Event: 0.045 Thread 0x0000020564d43620 Thread added: 0x000002050c0c9d40
Event: 0.045 Thread 0x0000020564d43620 Thread added: 0x000002050c0eb140
Event: 0.045 Thread 0x0000020564d43620 Thread added: 0x000002050c0ed7f0
Event: 0.064 Thread 0x0000020564d43620 Thread added: 0x000002050c2715e0
Event: 0.068 Thread 0x0000020564d43620 Thread added: 0x000002050c27b870
Event: 0.073 Loaded shared library C:\Program Files\Android\Android Studio\jbr\bin\net.dll
Event: 0.074 Loaded shared library C:\Program Files\Android\Android Studio\jbr\bin\nio.dll
Event: 0.080 Loaded shared library C:\Program Files\Android\Android Studio\jbr\bin\zip.dll


Dynamic libraries:
0x00007ff65a3b0000 - 0x00007ff65a3ba000 	C:\Program Files\Android\Android Studio\jbr\bin\java.exe
0x00007fff6cd70000 - 0x00007fff6cf68000 	C:\Windows\SYSTEM32\ntdll.dll
0x00007fff6b950000 - 0x00007fff6ba12000 	C:\Windows\System32\KERNEL32.DLL
0x00007fff6a480000 - 0x00007fff6a777000 	C:\Windows\System32\KERNELBASE.dll
0x00007fff6ab30000 - 0x00007fff6ac30000 	C:\Windows\System32\ucrtbase.dll
0x00007fff66470000 - 0x00007fff6648b000 	C:\Program Files\Android\Android Studio\jbr\bin\VCRUNTIME140.dll
0x00007fff5faf0000 - 0x00007fff5fb08000 	C:\Program Files\Android\Android Studio\jbr\bin\jli.dll
0x00007fff6cb00000 - 0x00007fff6cc9d000 	C:\Windows\System32\USER32.dll
0x00007fff6a450000 - 0x00007fff6a472000 	C:\Windows\System32\win32u.dll
0x00007fff6b4a0000 - 0x00007fff6b4cb000 	C:\Windows\System32\GDI32.dll
0x00007fff57030000 - 0x00007fff572ca000 	C:\Windows\WinSxS\amd64_microsoft.windows.common-controls_6595b64144ccf1df_6.0.19041.5915_none_60b4b9d171f9c7c7\COMCTL32.dll
0x00007fff6a7b0000 - 0x00007fff6a8c9000 	C:\Windows\System32\gdi32full.dll
0x00007fff6aea0000 - 0x00007fff6af3e000 	C:\Windows\System32\msvcrt.dll
0x00007fff6a950000 - 0x00007fff6a9ed000 	C:\Windows\System32\msvcp_win.dll
0x00007fff6cd00000 - 0x00007fff6cd2f000 	C:\Windows\System32\IMM32.DLL
0x00007fff64960000 - 0x00007fff6496c000 	C:\Program Files\Android\Android Studio\jbr\bin\vcruntime140_1.dll
0x00007ffed8400000 - 0x00007ffed848d000 	C:\Program Files\Android\Android Studio\jbr\bin\msvcp140.dll
0x00007ffecf400000 - 0x00007ffed008b000 	C:\Program Files\Android\Android Studio\jbr\bin\server\jvm.dll
0x00007fff6b880000 - 0x00007fff6b931000 	C:\Windows\System32\ADVAPI32.dll
0x00007fff6bbd0000 - 0x00007fff6bc6f000 	C:\Windows\System32\sechost.dll
0x00007fff6c520000 - 0x00007fff6c646000 	C:\Windows\System32\RPCRT4.dll
0x00007fff6a780000 - 0x00007fff6a7a7000 	C:\Windows\System32\bcrypt.dll
0x00007fff6c650000 - 0x00007fff6c6bb000 	C:\Windows\System32\WS2_32.dll
0x00007fff61850000 - 0x00007fff61877000 	C:\Windows\SYSTEM32\WINMM.dll
0x00007fff62f40000 - 0x00007fff62f4a000 	C:\Windows\SYSTEM32\VERSION.dll
0x00007fff68e90000 - 0x00007fff68edb000 	C:\Windows\SYSTEM32\POWRPROF.dll
0x00007fff68d00000 - 0x00007fff68d12000 	C:\Windows\SYSTEM32\UMPDC.dll
0x00007fff67f50000 - 0x00007fff67f62000 	C:\Windows\SYSTEM32\kernel.appcore.dll
0x00007fff64950000 - 0x00007fff6495a000 	C:\Program Files\Android\Android Studio\jbr\bin\jimage.dll
0x00007fff60ef0000 - 0x00007fff610f1000 	C:\Windows\SYSTEM32\DBGHELP.DLL
0x00007fff608b0000 - 0x00007fff608e4000 	C:\Windows\SYSTEM32\dbgcore.DLL
0x00007fff6aaa0000 - 0x00007fff6ab22000 	C:\Windows\System32\bcryptPrimitives.dll
0x00007fff54e30000 - 0x00007fff54e50000 	C:\Program Files\Android\Android Studio\jbr\bin\java.dll
0x00007fff535b0000 - 0x00007fff535c8000 	C:\Program Files\Android\Android Studio\jbr\bin\zip.dll
0x00007fff6bdb0000 - 0x00007fff6c51e000 	C:\Windows\System32\SHELL32.dll
0x00007fff69160000 - 0x00007fff69904000 	C:\Windows\SYSTEM32\windows.storage.dll
0x00007fff6c7a0000 - 0x00007fff6caf3000 	C:\Windows\System32\combase.dll
0x00007fff69e30000 - 0x00007fff69e5b000 	C:\Windows\SYSTEM32\Wldp.dll
0x00007fff6bc80000 - 0x00007fff6bd4d000 	C:\Windows\System32\OLEAUT32.dll
0x00007fff6b4d0000 - 0x00007fff6b57d000 	C:\Windows\System32\SHCORE.dll
0x00007fff6cca0000 - 0x00007fff6ccfb000 	C:\Windows\System32\shlwapi.dll
0x00007fff6a330000 - 0x00007fff6a354000 	C:\Windows\SYSTEM32\profapi.dll
0x00007fff63330000 - 0x00007fff63340000 	C:\Program Files\Android\Android Studio\jbr\bin\net.dll
0x00007fff63480000 - 0x00007fff6358a000 	C:\Windows\SYSTEM32\WINHTTP.dll
0x00007fff69090000 - 0x00007fff690fa000 	C:\Windows\system32\mswsock.dll
0x00007fff391b0000 - 0x00007fff391c6000 	C:\Program Files\Android\Android Studio\jbr\bin\nio.dll

dbghelp: loaded successfully - version: 4.0.5 - missing functions: none
symbol engine: initialized successfully - sym options: 0x614 - pdb path: .;C:\Program Files\Android\Android Studio\jbr\bin;C:\Windows\SYSTEM32;C:\Windows\WinSxS\amd64_microsoft.windows.common-controls_6595b64144ccf1df_6.0.19041.5915_none_60b4b9d171f9c7c7;C:\Program Files\Android\Android Studio\jbr\bin\server

VM Arguments:
java_command: git4idea.http.GitAskPassApp Username for 'https://github.com': 
java_class_path (initial): C:/Program Files/Android/Android Studio/plugins/vcs-git/lib/git4idea-rt.jar;C:/Program Files/Android/Android Studio/lib/externalProcess-rt.jar
Launcher Type: SUN_STANDARD

[Global flags]
     intx CICompilerCount                          = 4                                         {product} {ergonomic}
     uint ConcGCThreads                            = 2                                         {product} {ergonomic}
     uint G1ConcRefinementThreads                  = 8                                         {product} {ergonomic}
   size_t G1HeapRegionSize                         = 4194304                                   {product} {ergonomic}
    uintx GCDrainStackTargetSize                   = 64                                        {product} {ergonomic}
   size_t InitialHeapSize                          = 536870912                                 {product} {ergonomic}
   size_t MarkStackSize                            = 4194304                                   {product} {ergonomic}
   size_t MaxHeapSize                              = 8573157376                                {product} {ergonomic}
   size_t MaxNewSize                               = 5142216704                                {product} {ergonomic}
   size_t MinHeapDeltaBytes                        = 4194304                                   {product} {ergonomic}
   size_t MinHeapSize                              = 8388608                                   {product} {ergonomic}
    uintx NonNMethodCodeHeapSize                   = 5839372                                {pd product} {ergonomic}
    uintx NonProfiledCodeHeapSize                  = 122909434                              {pd product} {ergonomic}
    uintx ProfiledCodeHeapSize                     = 122909434                              {pd product} {ergonomic}
    uintx ReservedCodeCacheSize                    = 251658240                              {pd product} {ergonomic}
     bool SegmentedCodeCache                       = true                                      {product} {ergonomic}
   size_t SoftMaxHeapSize                          = 8573157376                             {manageable} {ergonomic}
     bool UseCompressedOops                        = true                           {product lp64_product} {ergonomic}
     bool UseG1GC                                  = true                                      {product} {ergonomic}
     bool UseLargePagesIndividualAllocation        = false                                  {pd product} {ergonomic}

Logging:
Log output configuration:
 #0: stdout all=warning uptime,level,tags foldmultilines=false
 #1: stderr all=off uptime,level,tags foldmultilines=false

Environment Variables:
PATH=C:\Program Files\Git\mingw64\libexec\git-core;C:\Program Files\Git\mingw64\libexec\git-core;C:\Program Files\Git\mingw64\bin;C:\Program Files\Git\usr\bin;C:\Users\ARTUR\bin;C:\Program Files\Eclipse Adoptium\jdk-21.0.8.9-hotspot\bin;C:\Program Files\NVIDIA GPU Computing Toolkit\CUDA\v11.8\bin;C:\Program Files\NVIDIA GPU Computing Toolkit\CUDA\v11.8\libnvvp;C:\Program Files\Python311\Scripts;C:\Program Files\Python311;C:\Program Files (x86)\Common Files\Oracle\Java\javapath;C:\windows\system32;C:\windows;C:\windows\system32\wbem;C:\windows\system32\windowspowershell\v1.0;C:\windows\system32\openssh;C:\Program Files (x86)\NVIDIA Corporation\PhysX\Common;C:\Program Files (x86)\2Printer;C:\Program Files\NVIDIA Corporation\NVIDIA app\NvDLISR;C:\Program Files\Microsoft SQL Server\160\Tools\Binn;C:\Program Files\nodejs;C:\Program Files (x86)\Windows Kits\10\Windows Performance Toolkit;C:\ffmpeg\bin;C:\Program Files\Git\cmd;C:\Program Files\NVIDIA Corporation\Nsight Compute 2022.3.0;C:\Users\ARTUR\AppData\Local\Programs\Python\Python313\Scripts;C:\Users\ARTUR\AppData\Local\Programs\Python\Python313;C:\Users\ARTUR\AppData\Local\Programs\Python\Launcher;C:\Users\ARTUR\AppData\Local\Microsoft\WindowsApps;C:\Program Files (x86)\2Printer;C:\Users\ARTUR\AppData\Roaming\npm;C:\Program Files\JetBrains\PyCharm 2025.1\bin;C:\Users\ARTUR\AppData\Local\Programs\Microsoft VS Code\bin;C:\Program Files\JetBrains\CLion 2025.1.2\bin
USERNAME=ARTUR
DISPLAY=:0.0
LC_ALL=en_US.UTF-8
TERM=xterm-256color
TMPDIR=C:\Users\ARTUR\AppData\Local\Temp
OS=Windows_NT
PROCESSOR_IDENTIFIER=Intel64 Family 6 Model 158 Stepping 12, GenuineIntel
TMP=C:\Users\ARTUR\AppData\Local\Temp
TEMP=C:\Users\ARTUR\AppData\Local\Temp




Periodic native trim disabled

JNI global refs:
JNI global refs: 9, weak refs: 0

JNI global refs memory usage: 835, weak refs: 201

Process memory usage:
Resident Set Size: 34604K (0% of 33487336K total physical memory with 3370912K free physical memory)

OOME stack traces (most recent first):
Classloader memory used:
Loader bootstrap                                                                       : 6023K
Loader jdk.internal.loader.ClassLoaders$AppClassLoader                                 : 16400B

---------------  S Y S T E M  ---------------

OS:
 Windows 10 , 64 bit Build 19041 (10.0.19041.5915)
OS uptime: 6 days 22:49 hours

CPU: total 8 (initial active 8) (8 cores per cpu, 1 threads per core) family 6 model 158 stepping 12 microcode 0xd6, cx8, cmov, fxsr, mmx, 3dnowpref, sse, sse2, sse3, ssse3, sse4.1, sse4.2, popcnt, lzcnt, tsc, tscinvbit, avx, avx2, aes, erms, clmul, bmi1, bmi2, rtm, adx, fma, vzeroupper, clflush, clflushopt, rdtscp, f16c
Processor Information for the first 8 processors :
  Max Mhz: 3600, Current Mhz: 3600, Mhz Limit: 3600

Memory: 4k page, system-wide physical 32702M (3291M free)
TotalPageFile size 32702M (AvailPageFile size 5M)
current process WorkingSet (physical memory assigned to process): 33M, peak: 33M
current process commit charge ("private bytes"): 595M, peak: 596M

vm_info: OpenJDK 64-Bit Server VM (21.0.6+-13391695-b895.109) for windows-amd64 JRE (21.0.6+-13391695-b895.109), built on 2025-04-22T21:19:17Z by "builder" with MS VC++ 16.10 / 16.11 (VS2019)

END.
